0 info it worked if it ends with ok
1 verbose cli [ '/root/.nvm/versions/node/v5.4.1/bin/node',
1 verbose cli   '/root/.nvm/versions/node/v5.4.1/bin/npm',
1 verbose cli   'install' ]
2 info using npm@3.3.12
3 info using node@v5.4.1
4 silly loadCurrentTree Starting
5 silly install loadCurrentTree
6 silly install readLocalPackageData
7 silly install normalizeTree
8 silly loadCurrentTree Finishing
9 silly loadIdealTree Starting
10 silly install loadIdealTree
11 silly cloneCurrentTree Starting
12 silly install cloneCurrentTreeToIdealTree
13 silly cloneCurrentTree Finishing
14 silly loadShrinkwrap Starting
15 silly install loadShrinkwrap
16 silly loadShrinkwrap Finishing
17 silly loadAllDepsIntoIdealTree Starting
18 silly install loadAllDepsIntoIdealTree
19 silly fetchNamedPackageData body-parser
20 silly mapToRegistry name body-parser
21 silly mapToRegistry using default registry
22 silly mapToRegistry registry https://registry.npmjs.org/
23 silly mapToRegistry uri https://registry.npmjs.org/body-parser
24 silly fetchNamedPackageData cookie-parser
25 silly mapToRegistry name cookie-parser
26 silly mapToRegistry using default registry
27 silly mapToRegistry registry https://registry.npmjs.org/
28 silly mapToRegistry uri https://registry.npmjs.org/cookie-parser
29 silly fetchNamedPackageData debug
30 silly mapToRegistry name debug
31 silly mapToRegistry using default registry
32 silly mapToRegistry registry https://registry.npmjs.org/
33 silly mapToRegistry uri https://registry.npmjs.org/debug
34 silly fetchNamedPackageData ejs
35 silly mapToRegistry name ejs
36 silly mapToRegistry using default registry
37 silly mapToRegistry registry https://registry.npmjs.org/
38 silly mapToRegistry uri https://registry.npmjs.org/ejs
39 silly fetchNamedPackageData express
40 silly mapToRegistry name express
41 silly mapToRegistry using default registry
42 silly mapToRegistry registry https://registry.npmjs.org/
43 silly mapToRegistry uri https://registry.npmjs.org/express
44 silly fetchNamedPackageData morgan
45 silly mapToRegistry name morgan
46 silly mapToRegistry using default registry
47 silly mapToRegistry registry https://registry.npmjs.org/
48 silly mapToRegistry uri https://registry.npmjs.org/morgan
49 silly fetchNamedPackageData serve-favicon
50 silly mapToRegistry name serve-favicon
51 silly mapToRegistry using default registry
52 silly mapToRegistry registry https://registry.npmjs.org/
53 silly mapToRegistry uri https://registry.npmjs.org/serve-favicon
54 silly fetchNamedPackageData mongodb
55 silly mapToRegistry name mongodb
56 silly mapToRegistry using default registry
57 silly mapToRegistry registry https://registry.npmjs.org/
58 silly mapToRegistry uri https://registry.npmjs.org/mongodb
59 silly fetchNamedPackageData express-session
60 silly mapToRegistry name express-session
61 silly mapToRegistry using default registry
62 silly mapToRegistry registry https://registry.npmjs.org/
63 silly mapToRegistry uri https://registry.npmjs.org/express-session
64 silly fetchNamedPackageData connect-mongo
65 silly mapToRegistry name connect-mongo
66 silly mapToRegistry using default registry
67 silly mapToRegistry registry https://registry.npmjs.org/
68 silly mapToRegistry uri https://registry.npmjs.org/connect-mongo
69 verbose request uri https://registry.npmjs.org/body-parser
70 verbose request no auth needed
71 info attempt registry request try #1 at 22:49:34
72 verbose request id bd6a97015d2541f5
73 verbose etag "5AK8JSYKY63JJLHK26R7ZRCI0"
74 http request GET https://registry.npmjs.org/body-parser
75 verbose request uri https://registry.npmjs.org/cookie-parser
76 verbose request no auth needed
77 info attempt registry request try #1 at 22:49:34
78 verbose etag "BCAKJA1TU0GVCYJZMEFPYLC8N"
79 http request GET https://registry.npmjs.org/cookie-parser
80 verbose request uri https://registry.npmjs.org/debug
81 verbose request no auth needed
82 info attempt registry request try #1 at 22:49:34
83 verbose etag "8ANO9SMQXOMG21345804T3L91"
84 http request GET https://registry.npmjs.org/debug
85 verbose request uri https://registry.npmjs.org/ejs
86 verbose request no auth needed
87 info attempt registry request try #1 at 22:49:34
88 verbose etag "73ZGS1XPS50QL9YPKPI7MTUGJ"
89 http request GET https://registry.npmjs.org/ejs
90 verbose request uri https://registry.npmjs.org/express
91 verbose request no auth needed
92 info attempt registry request try #1 at 22:49:34
93 verbose etag "AMKW3H0ZAJ9NCIRY0E2K2VU0V"
94 http request GET https://registry.npmjs.org/express
95 verbose request uri https://registry.npmjs.org/morgan
96 verbose request no auth needed
97 info attempt registry request try #1 at 22:49:34
98 verbose etag "BU6E0MI53FRD6O0GDJBV2V8RW"
99 http request GET https://registry.npmjs.org/morgan
100 verbose request uri https://registry.npmjs.org/serve-favicon
101 verbose request no auth needed
102 info attempt registry request try #1 at 22:49:34
103 verbose etag "3ZHLEP9A8L35VNU9OSNQYOHH3"
104 http request GET https://registry.npmjs.org/serve-favicon
105 verbose request uri https://registry.npmjs.org/mongodb
106 verbose request no auth needed
107 info attempt registry request try #1 at 22:49:34
108 verbose etag "5EQVSLIXUGE37XVUY2U0OZAV4"
109 http request GET https://registry.npmjs.org/mongodb
110 verbose request uri https://registry.npmjs.org/express-session
111 verbose request no auth needed
112 info attempt registry request try #1 at 22:49:34
113 verbose etag "CDDODJZ9V899CZAVHK5BYGUIR"
114 http request GET https://registry.npmjs.org/express-session
115 verbose request uri https://registry.npmjs.org/connect-mongo
116 verbose request no auth needed
117 info attempt registry request try #1 at 22:49:34
118 verbose etag "CEJR9E9TA6WW04KLIR3KHYI2R"
119 http request GET https://registry.npmjs.org/connect-mongo
120 http 304 https://registry.npmjs.org/cookie-parser
121 verbose headers { date: 'Fri, 29 Jan 2016 03:49:35 GMT',
121 verbose headers   via: '1.1 varnish',
121 verbose headers   'cache-control': 'max-age=300',
121 verbose headers   etag: '"BCAKJA1TU0GVCYJZMEFPYLC8N"',
121 verbose headers   age: '183',
121 verbose headers   connection: 'keep-alive',
121 verbose headers   'x-served-by': 'cache-lax1428-LAX',
121 verbose headers   'x-cache': 'HIT',
121 verbose headers   'x-cache-hits': '3',
121 verbose headers   'x-timer': 'S1454039375.129375,VS0,VE0',
121 verbose headers   vary: 'Accept' }
122 silly get cb [ 304,
122 silly get   { date: 'Fri, 29 Jan 2016 03:49:35 GMT',
122 silly get     via: '1.1 varnish',
122 silly get     'cache-control': 'max-age=300',
122 silly get     etag: '"BCAKJA1TU0GVCYJZMEFPYLC8N"',
122 silly get     age: '183',
122 silly get     connection: 'keep-alive',
122 silly get     'x-served-by': 'cache-lax1428-LAX',
122 silly get     'x-cache': 'HIT',
122 silly get     'x-cache-hits': '3',
122 silly get     'x-timer': 'S1454039375.129375,VS0,VE0',
122 silly get     vary: 'Accept' } ]
123 verbose etag https://registry.npmjs.org/cookie-parser from cache
124 verbose get saving cookie-parser to /root/.npm/registry.npmjs.org/cookie-parser/.cache.json
125 http 304 https://registry.npmjs.org/body-parser
126 verbose headers { date: 'Fri, 29 Jan 2016 03:49:35 GMT',
126 verbose headers   via: '1.1 varnish',
126 verbose headers   'cache-control': 'max-age=300',
126 verbose headers   etag: '"5AK8JSYKY63JJLHK26R7ZRCI0"',
126 verbose headers   age: '50',
126 verbose headers   connection: 'keep-alive',
126 verbose headers   'x-served-by': 'cache-sjc3127-SJC',
126 verbose headers   'x-cache': 'HIT',
126 verbose headers   'x-cache-hits': '1',
126 verbose headers   'x-timer': 'S1454039375.134546,VS0,VE0',
126 verbose headers   vary: 'Accept' }
127 silly get cb [ 304,
127 silly get   { date: 'Fri, 29 Jan 2016 03:49:35 GMT',
127 silly get     via: '1.1 varnish',
127 silly get     'cache-control': 'max-age=300',
127 silly get     etag: '"5AK8JSYKY63JJLHK26R7ZRCI0"',
127 silly get     age: '50',
127 silly get     connection: 'keep-alive',
127 silly get     'x-served-by': 'cache-sjc3127-SJC',
127 silly get     'x-cache': 'HIT',
127 silly get     'x-cache-hits': '1',
127 silly get     'x-timer': 'S1454039375.134546,VS0,VE0',
127 silly get     vary: 'Accept' } ]
128 verbose etag https://registry.npmjs.org/body-parser from cache
129 verbose get saving body-parser to /root/.npm/registry.npmjs.org/body-parser/.cache.json
130 http 304 https://registry.npmjs.org/debug
131 verbose headers { date: 'Fri, 29 Jan 2016 03:49:35 GMT',
131 verbose headers   via: '1.1 varnish',
131 verbose headers   'cache-control': 'max-age=300',
131 verbose headers   etag: '"8ANO9SMQXOMG21345804T3L91"',
131 verbose headers   age: '162',
131 verbose headers   connection: 'keep-alive',
131 verbose headers   'x-served-by': 'cache-sjc3126-SJC',
131 verbose headers   'x-cache': 'HIT',
131 verbose headers   'x-cache-hits': '6',
131 verbose headers   'x-timer': 'S1454039375.165787,VS0,VE0',
131 verbose headers   vary: 'Accept' }
132 silly get cb [ 304,
132 silly get   { date: 'Fri, 29 Jan 2016 03:49:35 GMT',
132 silly get     via: '1.1 varnish',
132 silly get     'cache-control': 'max-age=300',
132 silly get     etag: '"8ANO9SMQXOMG21345804T3L91"',
132 silly get     age: '162',
132 silly get     connection: 'keep-alive',
132 silly get     'x-served-by': 'cache-sjc3126-SJC',
132 silly get     'x-cache': 'HIT',
132 silly get     'x-cache-hits': '6',
132 silly get     'x-timer': 'S1454039375.165787,VS0,VE0',
132 silly get     vary: 'Accept' } ]
133 verbose etag https://registry.npmjs.org/debug from cache
134 verbose get saving debug to /root/.npm/registry.npmjs.org/debug/.cache.json
135 http 200 https://registry.npmjs.org/ejs
136 verbose headers { server: 'CouchDB/1.5.0 (Erlang OTP/R16B03)',
136 verbose headers   etag: '"3QIDPORJRM3E9NG2M1E8YYLM5"',
136 verbose headers   'content-type': 'application/json',
136 verbose headers   'cache-control': 'max-age=300',
136 verbose headers   'content-length': '52232',
136 verbose headers   'accept-ranges': 'bytes',
136 verbose headers   date: 'Fri, 29 Jan 2016 03:49:35 GMT',
136 verbose headers   via: '1.1 varnish',
136 verbose headers   age: '149',
136 verbose headers   connection: 'keep-alive',
136 verbose headers   'x-served-by': 'cache-sjc3126-SJC',
136 verbose headers   'x-cache': 'HIT',
136 verbose headers   'x-cache-hits': '2',
136 verbose headers   'x-timer': 'S1454039375.171117,VS0,VE0',
136 verbose headers   vary: 'Accept' }
137 silly get cb [ 200,
137 silly get   { server: 'CouchDB/1.5.0 (Erlang OTP/R16B03)',
137 silly get     etag: '"3QIDPORJRM3E9NG2M1E8YYLM5"',
137 silly get     'content-type': 'application/json',
137 silly get     'cache-control': 'max-age=300',
137 silly get     'content-length': '52232',
137 silly get     'accept-ranges': 'bytes',
137 silly get     date: 'Fri, 29 Jan 2016 03:49:35 GMT',
137 silly get     via: '1.1 varnish',
137 silly get     age: '149',
137 silly get     connection: 'keep-alive',
137 silly get     'x-served-by': 'cache-sjc3126-SJC',
137 silly get     'x-cache': 'HIT',
137 silly get     'x-cache-hits': '2',
137 silly get     'x-timer': 'S1454039375.171117,VS0,VE0',
137 silly get     vary: 'Accept' } ]
138 verbose get saving ejs to /root/.npm/registry.npmjs.org/ejs/.cache.json
139 http 304 https://registry.npmjs.org/serve-favicon
140 verbose headers { date: 'Fri, 29 Jan 2016 03:49:35 GMT',
140 verbose headers   via: '1.1 varnish',
140 verbose headers   'cache-control': 'max-age=300',
140 verbose headers   etag: '"3ZHLEP9A8L35VNU9OSNQYOHH3"',
140 verbose headers   age: '208',
140 verbose headers   connection: 'keep-alive',
140 verbose headers   'x-served-by': 'cache-sjc3132-SJC',
140 verbose headers   'x-cache': 'HIT',
140 verbose headers   'x-cache-hits': '2',
140 verbose headers   'x-timer': 'S1454039375.193859,VS0,VE0',
140 verbose headers   vary: 'Accept' }
141 silly get cb [ 304,
141 silly get   { date: 'Fri, 29 Jan 2016 03:49:35 GMT',
141 silly get     via: '1.1 varnish',
141 silly get     'cache-control': 'max-age=300',
141 silly get     etag: '"3ZHLEP9A8L35VNU9OSNQYOHH3"',
141 silly get     age: '208',
141 silly get     connection: 'keep-alive',
141 silly get     'x-served-by': 'cache-sjc3132-SJC',
141 silly get     'x-cache': 'HIT',
141 silly get     'x-cache-hits': '2',
141 silly get     'x-timer': 'S1454039375.193859,VS0,VE0',
141 silly get     vary: 'Accept' } ]
142 verbose etag https://registry.npmjs.org/serve-favicon from cache
143 verbose get saving serve-favicon to /root/.npm/registry.npmjs.org/serve-favicon/.cache.json
144 http 304 https://registry.npmjs.org/express-session
145 verbose headers { date: 'Fri, 29 Jan 2016 03:49:35 GMT',
145 verbose headers   via: '1.1 varnish',
145 verbose headers   'cache-control': 'max-age=300',
145 verbose headers   etag: '"CDDODJZ9V899CZAVHK5BYGUIR"',
145 verbose headers   age: '131',
145 verbose headers   connection: 'keep-alive',
145 verbose headers   'x-served-by': 'cache-sjc3122-SJC',
145 verbose headers   'x-cache': 'HIT',
145 verbose headers   'x-cache-hits': '2',
145 verbose headers   'x-timer': 'S1454039375.194704,VS0,VE0',
145 verbose headers   vary: 'Accept' }
146 silly get cb [ 304,
146 silly get   { date: 'Fri, 29 Jan 2016 03:49:35 GMT',
146 silly get     via: '1.1 varnish',
146 silly get     'cache-control': 'max-age=300',
146 silly get     etag: '"CDDODJZ9V899CZAVHK5BYGUIR"',
146 silly get     age: '131',
146 silly get     connection: 'keep-alive',
146 silly get     'x-served-by': 'cache-sjc3122-SJC',
146 silly get     'x-cache': 'HIT',
146 silly get     'x-cache-hits': '2',
146 silly get     'x-timer': 'S1454039375.194704,VS0,VE0',
146 silly get     vary: 'Accept' } ]
147 verbose etag https://registry.npmjs.org/express-session from cache
148 verbose get saving express-session to /root/.npm/registry.npmjs.org/express-session/.cache.json
149 http 304 https://registry.npmjs.org/express
150 verbose headers { date: 'Fri, 29 Jan 2016 03:49:35 GMT',
150 verbose headers   via: '1.1 varnish',
150 verbose headers   'cache-control': 'max-age=300',
150 verbose headers   etag: '"AMKW3H0ZAJ9NCIRY0E2K2VU0V"',
150 verbose headers   age: '105',
150 verbose headers   connection: 'keep-alive',
150 verbose headers   'x-served-by': 'cache-sjc3120-SJC',
150 verbose headers   'x-cache': 'HIT',
150 verbose headers   'x-cache-hits': '2',
150 verbose headers   'x-timer': 'S1454039375.195506,VS0,VE0',
150 verbose headers   vary: 'Accept' }
151 silly get cb [ 304,
151 silly get   { date: 'Fri, 29 Jan 2016 03:49:35 GMT',
151 silly get     via: '1.1 varnish',
151 silly get     'cache-control': 'max-age=300',
151 silly get     etag: '"AMKW3H0ZAJ9NCIRY0E2K2VU0V"',
151 silly get     age: '105',
151 silly get     connection: 'keep-alive',
151 silly get     'x-served-by': 'cache-sjc3120-SJC',
151 silly get     'x-cache': 'HIT',
151 silly get     'x-cache-hits': '2',
151 silly get     'x-timer': 'S1454039375.195506,VS0,VE0',
151 silly get     vary: 'Accept' } ]
152 verbose etag https://registry.npmjs.org/express from cache
153 verbose get saving express to /root/.npm/registry.npmjs.org/express/.cache.json
154 silly resolveWithNewModule cookie-parser@1.3.5 checking installable status
155 silly cache add args [ 'cookie-parser@~1.3.5', null ]
156 verbose cache add spec cookie-parser@~1.3.5
157 silly cache add parsed spec Result {
157 silly cache add   raw: 'cookie-parser@~1.3.5',
157 silly cache add   scope: null,
157 silly cache add   name: 'cookie-parser',
157 silly cache add   rawSpec: '~1.3.5',
157 silly cache add   spec: '>=1.3.5 <1.4.0',
157 silly cache add   type: 'range' }
158 silly addNamed cookie-parser@>=1.3.5 <1.4.0
159 verbose addNamed ">=1.3.5 <1.4.0" is a valid semver range for cookie-parser
160 silly addNameRange { name: 'cookie-parser',
160 silly addNameRange   range: '>=1.3.5 <1.4.0',
160 silly addNameRange   hasData: false }
161 silly mapToRegistry name cookie-parser
162 silly mapToRegistry using default registry
163 silly mapToRegistry registry https://registry.npmjs.org/
164 silly mapToRegistry uri https://registry.npmjs.org/cookie-parser
165 verbose addNameRange registry:https://registry.npmjs.org/cookie-parser not in flight; fetching
166 silly resolveWithNewModule body-parser@1.13.3 checking installable status
167 silly cache add args [ 'body-parser@~1.13.2', null ]
168 verbose cache add spec body-parser@~1.13.2
169 silly cache add parsed spec Result {
169 silly cache add   raw: 'body-parser@~1.13.2',
169 silly cache add   scope: null,
169 silly cache add   name: 'body-parser',
169 silly cache add   rawSpec: '~1.13.2',
169 silly cache add   spec: '>=1.13.2 <1.14.0',
169 silly cache add   type: 'range' }
170 silly addNamed body-parser@>=1.13.2 <1.14.0
171 verbose addNamed ">=1.13.2 <1.14.0" is a valid semver range for body-parser
172 silly addNameRange { name: 'body-parser',
172 silly addNameRange   range: '>=1.13.2 <1.14.0',
172 silly addNameRange   hasData: false }
173 silly mapToRegistry name body-parser
174 silly mapToRegistry using default registry
175 silly mapToRegistry registry https://registry.npmjs.org/
176 silly mapToRegistry uri https://registry.npmjs.org/body-parser
177 verbose addNameRange registry:https://registry.npmjs.org/body-parser not in flight; fetching
178 silly resolveWithNewModule debug@2.2.0 checking installable status
179 silly cache add args [ 'debug@~2.2.0', null ]
180 verbose cache add spec debug@~2.2.0
181 silly cache add parsed spec Result {
181 silly cache add   raw: 'debug@~2.2.0',
181 silly cache add   scope: null,
181 silly cache add   name: 'debug',
181 silly cache add   rawSpec: '~2.2.0',
181 silly cache add   spec: '>=2.2.0 <2.3.0',
181 silly cache add   type: 'range' }
182 silly addNamed debug@>=2.2.0 <2.3.0
183 verbose addNamed ">=2.2.0 <2.3.0" is a valid semver range for debug
184 silly addNameRange { name: 'debug', range: '>=2.2.0 <2.3.0', hasData: false }
185 silly mapToRegistry name debug
186 silly mapToRegistry using default registry
187 silly mapToRegistry registry https://registry.npmjs.org/
188 silly mapToRegistry uri https://registry.npmjs.org/debug
189 verbose addNameRange registry:https://registry.npmjs.org/debug not in flight; fetching
190 silly resolveWithNewModule ejs@2.3.4 checking installable status
191 silly cache add args [ 'ejs@~2.3.3', null ]
192 verbose cache add spec ejs@~2.3.3
193 silly cache add parsed spec Result {
193 silly cache add   raw: 'ejs@~2.3.3',
193 silly cache add   scope: null,
193 silly cache add   name: 'ejs',
193 silly cache add   rawSpec: '~2.3.3',
193 silly cache add   spec: '>=2.3.3 <2.4.0',
193 silly cache add   type: 'range' }
194 silly addNamed ejs@>=2.3.3 <2.4.0
195 verbose addNamed ">=2.3.3 <2.4.0" is a valid semver range for ejs
196 silly addNameRange { name: 'ejs', range: '>=2.3.3 <2.4.0', hasData: false }
197 silly mapToRegistry name ejs
198 silly mapToRegistry using default registry
199 silly mapToRegistry registry https://registry.npmjs.org/
200 silly mapToRegistry uri https://registry.npmjs.org/ejs
201 verbose addNameRange registry:https://registry.npmjs.org/ejs not in flight; fetching
202 http 304 https://registry.npmjs.org/morgan
203 verbose headers { date: 'Fri, 29 Jan 2016 03:49:35 GMT',
203 verbose headers   via: '1.1 varnish',
203 verbose headers   'cache-control': 'max-age=300',
203 verbose headers   etag: '"BU6E0MI53FRD6O0GDJBV2V8RW"',
203 verbose headers   age: '246',
203 verbose headers   connection: 'keep-alive',
203 verbose headers   'x-served-by': 'cache-lax1426-LAX',
203 verbose headers   'x-cache': 'HIT',
203 verbose headers   'x-cache-hits': '2',
203 verbose headers   'x-timer': 'S1454039375.205361,VS0,VE0',
203 verbose headers   vary: 'Accept' }
204 silly get cb [ 304,
204 silly get   { date: 'Fri, 29 Jan 2016 03:49:35 GMT',
204 silly get     via: '1.1 varnish',
204 silly get     'cache-control': 'max-age=300',
204 silly get     etag: '"BU6E0MI53FRD6O0GDJBV2V8RW"',
204 silly get     age: '246',
204 silly get     connection: 'keep-alive',
204 silly get     'x-served-by': 'cache-lax1426-LAX',
204 silly get     'x-cache': 'HIT',
204 silly get     'x-cache-hits': '2',
204 silly get     'x-timer': 'S1454039375.205361,VS0,VE0',
204 silly get     vary: 'Accept' } ]
205 verbose etag https://registry.npmjs.org/morgan from cache
206 verbose get saving morgan to /root/.npm/registry.npmjs.org/morgan/.cache.json
207 verbose get https://registry.npmjs.org/cookie-parser not expired, no request
208 silly addNameRange number 2 { name: 'cookie-parser', range: '>=1.3.5 <1.4.0', hasData: true }
209 silly addNameRange versions [ 'cookie-parser',
209 silly addNameRange   [ '1.0.0',
209 silly addNameRange     '1.0.1',
209 silly addNameRange     '1.1.0',
209 silly addNameRange     '1.2.0',
209 silly addNameRange     '1.3.0',
209 silly addNameRange     '1.3.1',
209 silly addNameRange     '1.3.2',
209 silly addNameRange     '1.3.3',
209 silly addNameRange     '1.3.4',
209 silly addNameRange     '1.3.5',
209 silly addNameRange     '1.4.0',
209 silly addNameRange     '1.4.1' ] ]
210 silly addNamed cookie-parser@1.3.5
211 verbose addNamed "1.3.5" is a plain semver version for cookie-parser
212 verbose get https://registry.npmjs.org/body-parser not expired, no request
213 silly addNameRange number 2 { name: 'body-parser', range: '>=1.13.2 <1.14.0', hasData: true }
214 silly addNameRange versions [ 'body-parser',
214 silly addNameRange   [ '1.0.0',
214 silly addNameRange     '1.0.1',
214 silly addNameRange     '1.0.2',
214 silly addNameRange     '1.1.0',
214 silly addNameRange     '1.1.1',
214 silly addNameRange     '1.1.2',
214 silly addNameRange     '1.2.0',
214 silly addNameRange     '1.2.1',
214 silly addNameRange     '1.2.2',
214 silly addNameRange     '1.3.0',
214 silly addNameRange     '1.3.1',
214 silly addNameRange     '1.4.0',
214 silly addNameRange     '1.4.1',
214 silly addNameRange     '1.4.2',
214 silly addNameRange     '1.4.3',
214 silly addNameRange     '1.5.0',
214 silly addNameRange     '1.5.1',
214 silly addNameRange     '1.5.2',
214 silly addNameRange     '1.6.0',
214 silly addNameRange     '1.6.1',
214 silly addNameRange     '1.6.2',
214 silly addNameRange     '1.6.3',
214 silly addNameRange     '1.6.4',
214 silly addNameRange     '1.6.5',
214 silly addNameRange     '1.6.6',
214 silly addNameRange     '1.6.7',
214 silly addNameRange     '1.7.0',
214 silly addNameRange     '1.8.0',
214 silly addNameRange     '1.8.1',
214 silly addNameRange     '1.8.2',
214 silly addNameRange     '1.8.3',
214 silly addNameRange     '1.8.4',
214 silly addNameRange     '1.9.0',
214 silly addNameRange     '1.9.1',
214 silly addNameRange     '1.9.2',
214 silly addNameRange     '1.9.3',
214 silly addNameRange     '1.10.0',
214 silly addNameRange     '1.10.1',
214 silly addNameRange     '1.10.2',
214 silly addNameRange     '1.11.0',
214 silly addNameRange     '1.12.0',
214 silly addNameRange     '1.12.1',
214 silly addNameRange     '1.12.2',
214 silly addNameRange     '1.12.3',
214 silly addNameRange     '1.12.4',
214 silly addNameRange     '1.13.0',
214 silly addNameRange     '1.13.1',
214 silly addNameRange     '1.13.2',
214 silly addNameRange     '1.13.3',
214 silly addNameRange     '1.14.0',
214 silly addNameRange     '1.14.1',
214 silly addNameRange     '1.14.2' ] ]
215 silly addNamed body-parser@1.13.3
216 verbose addNamed "1.13.3" is a plain semver version for body-parser
217 verbose get https://registry.npmjs.org/debug not expired, no request
218 silly addNameRange number 2 { name: 'debug', range: '>=2.2.0 <2.3.0', hasData: true }
219 silly addNameRange versions [ 'debug',
219 silly addNameRange   [ '0.0.1',
219 silly addNameRange     '0.1.0',
219 silly addNameRange     '0.2.0',
219 silly addNameRange     '0.3.0',
219 silly addNameRange     '0.4.0',
219 silly addNameRange     '0.4.1',
219 silly addNameRange     '0.5.0',
219 silly addNameRange     '0.6.0',
219 silly addNameRange     '0.7.0',
219 silly addNameRange     '0.7.1',
219 silly addNameRange     '0.7.2',
219 silly addNameRange     '0.7.3',
219 silly addNameRange     '0.7.4',
219 silly addNameRange     '0.8.0',
219 silly addNameRange     '0.8.1',
219 silly addNameRange     '1.0.0',
219 silly addNameRange     '1.0.1',
219 silly addNameRange     '1.0.2',
219 silly addNameRange     '1.0.3',
219 silly addNameRange     '1.0.4',
219 silly addNameRange     '2.0.0',
219 silly addNameRange     '2.1.0',
219 silly addNameRange     '2.1.1',
219 silly addNameRange     '2.1.2',
219 silly addNameRange     '2.1.3',
219 silly addNameRange     '2.2.0' ] ]
220 silly addNamed debug@2.2.0
221 verbose addNamed "2.2.0" is a plain semver version for debug
222 verbose get https://registry.npmjs.org/ejs not expired, no request
223 silly addNameRange number 2 { name: 'ejs', range: '>=2.3.3 <2.4.0', hasData: true }
224 silly addNameRange versions [ 'ejs',
224 silly addNameRange   [ '0.0.1',
224 silly addNameRange     '0.0.2',
224 silly addNameRange     '0.0.3',
224 silly addNameRange     '0.0.4',
224 silly addNameRange     '0.1.0',
224 silly addNameRange     '0.2.0',
224 silly addNameRange     '0.2.1',
224 silly addNameRange     '0.3.0',
224 silly addNameRange     '0.3.1',
224 silly addNameRange     '0.4.0',
224 silly addNameRange     '0.4.1',
224 silly addNameRange     '0.4.2',
224 silly addNameRange     '0.4.3',
224 silly addNameRange     '0.5.0',
224 silly addNameRange     '0.6.0',
224 silly addNameRange     '0.6.1',
224 silly addNameRange     '0.7.0',
224 silly addNameRange     '0.7.1',
224 silly addNameRange     '0.7.2',
224 silly addNameRange     '0.8.0',
224 silly addNameRange     '0.8.1',
224 silly addNameRange     '0.8.2',
224 silly addNameRange     '0.8.3',
224 silly addNameRange     '0.8.4',
224 silly addNameRange     '0.8.5',
224 silly addNameRange     '0.8.6',
224 silly addNameRange     '0.8.8',
224 silly addNameRange     '1.0.0',
224 silly addNameRange     '2.0.2',
224 silly addNameRange     '2.0.3',
224 silly addNameRange     '2.0.4',
224 silly addNameRange     '2.0.5',
224 silly addNameRange     '2.0.6',
224 silly addNameRange     '2.0.7',
224 silly addNameRange     '2.0.8',
224 silly addNameRange     '2.1.1',
224 silly addNameRange     '2.1.2',
224 silly addNameRange     '2.1.3',
224 silly addNameRange     '2.1.4',
224 silly addNameRange     '2.2.1',
224 silly addNameRange     '2.2.2',
224 silly addNameRange     '2.2.3',
224 silly addNameRange     '2.2.4',
224 silly addNameRange     '2.3.1',
224 silly addNameRange     '2.3.2',
224 silly addNameRange     '2.3.3',
224 silly addNameRange     '2.3.4',
224 silly addNameRange     '2.4.1' ] ]
225 silly addNamed ejs@2.3.4
226 verbose addNamed "2.3.4" is a plain semver version for ejs
227 silly resolveWithNewModule serve-favicon@2.3.0 checking installable status
228 silly cache add args [ 'serve-favicon@~2.3.0', null ]
229 verbose cache add spec serve-favicon@~2.3.0
230 silly cache add parsed spec Result {
230 silly cache add   raw: 'serve-favicon@~2.3.0',
230 silly cache add   scope: null,
230 silly cache add   name: 'serve-favicon',
230 silly cache add   rawSpec: '~2.3.0',
230 silly cache add   spec: '>=2.3.0 <2.4.0',
230 silly cache add   type: 'range' }
231 silly addNamed serve-favicon@>=2.3.0 <2.4.0
232 verbose addNamed ">=2.3.0 <2.4.0" is a valid semver range for serve-favicon
233 silly addNameRange { name: 'serve-favicon',
233 silly addNameRange   range: '>=2.3.0 <2.4.0',
233 silly addNameRange   hasData: false }
234 silly mapToRegistry name serve-favicon
235 silly mapToRegistry using default registry
236 silly mapToRegistry registry https://registry.npmjs.org/
237 silly mapToRegistry uri https://registry.npmjs.org/serve-favicon
238 verbose addNameRange registry:https://registry.npmjs.org/serve-favicon not in flight; fetching
239 http 304 https://registry.npmjs.org/connect-mongo
240 verbose headers { date: 'Fri, 29 Jan 2016 03:49:35 GMT',
240 verbose headers   via: '1.1 varnish',
240 verbose headers   'cache-control': 'max-age=300',
240 verbose headers   etag: '"CEJR9E9TA6WW04KLIR3KHYI2R"',
240 verbose headers   age: '149',
240 verbose headers   connection: 'keep-alive',
240 verbose headers   'x-served-by': 'cache-sjc3121-SJC',
240 verbose headers   'x-cache': 'HIT',
240 verbose headers   'x-cache-hits': '1',
240 verbose headers   'x-timer': 'S1454039375.305895,VS0,VE0',
240 verbose headers   vary: 'Accept' }
241 silly get cb [ 304,
241 silly get   { date: 'Fri, 29 Jan 2016 03:49:35 GMT',
241 silly get     via: '1.1 varnish',
241 silly get     'cache-control': 'max-age=300',
241 silly get     etag: '"CEJR9E9TA6WW04KLIR3KHYI2R"',
241 silly get     age: '149',
241 silly get     connection: 'keep-alive',
241 silly get     'x-served-by': 'cache-sjc3121-SJC',
241 silly get     'x-cache': 'HIT',
241 silly get     'x-cache-hits': '1',
241 silly get     'x-timer': 'S1454039375.305895,VS0,VE0',
241 silly get     vary: 'Accept' } ]
242 verbose etag https://registry.npmjs.org/connect-mongo from cache
243 verbose get saving connect-mongo to /root/.npm/registry.npmjs.org/connect-mongo/.cache.json
244 http 304 https://registry.npmjs.org/mongodb
245 verbose headers { date: 'Fri, 29 Jan 2016 03:49:35 GMT',
245 verbose headers   via: '1.1 varnish',
245 verbose headers   'cache-control': 'max-age=300',
245 verbose headers   etag: '"5EQVSLIXUGE37XVUY2U0OZAV4"',
245 verbose headers   age: '107',
245 verbose headers   connection: 'keep-alive',
245 verbose headers   'x-served-by': 'cache-lax1424-LAX',
245 verbose headers   'x-cache': 'HIT',
245 verbose headers   'x-cache-hits': '2',
245 verbose headers   'x-timer': 'S1454039375.308922,VS0,VE0',
245 verbose headers   vary: 'Accept' }
246 silly get cb [ 304,
246 silly get   { date: 'Fri, 29 Jan 2016 03:49:35 GMT',
246 silly get     via: '1.1 varnish',
246 silly get     'cache-control': 'max-age=300',
246 silly get     etag: '"5EQVSLIXUGE37XVUY2U0OZAV4"',
246 silly get     age: '107',
246 silly get     connection: 'keep-alive',
246 silly get     'x-served-by': 'cache-lax1424-LAX',
246 silly get     'x-cache': 'HIT',
246 silly get     'x-cache-hits': '2',
246 silly get     'x-timer': 'S1454039375.308922,VS0,VE0',
246 silly get     vary: 'Accept' } ]
247 verbose etag https://registry.npmjs.org/mongodb from cache
248 verbose get saving mongodb to /root/.npm/registry.npmjs.org/mongodb/.cache.json
249 silly resolveWithNewModule express-session@1.9.1 checking installable status
250 silly cache add args [ 'express-session@1.9.1', null ]
251 verbose cache add spec express-session@1.9.1
252 silly cache add parsed spec Result {
252 silly cache add   raw: 'express-session@1.9.1',
252 silly cache add   scope: null,
252 silly cache add   name: 'express-session',
252 silly cache add   rawSpec: '1.9.1',
252 silly cache add   spec: '1.9.1',
252 silly cache add   type: 'version' }
253 silly addNamed express-session@1.9.1
254 verbose addNamed "1.9.1" is a plain semver version for express-session
255 silly mapToRegistry name express-session
256 silly mapToRegistry using default registry
257 silly mapToRegistry registry https://registry.npmjs.org/
258 silly mapToRegistry uri https://registry.npmjs.org/express-session
259 verbose addNameVersion registry:https://registry.npmjs.org/express-session not in flight; fetching
260 silly resolveWithNewModule express@4.13.4 checking installable status
261 silly cache add args [ 'express@~4.13.1', null ]
262 verbose cache add spec express@~4.13.1
263 silly cache add parsed spec Result {
263 silly cache add   raw: 'express@~4.13.1',
263 silly cache add   scope: null,
263 silly cache add   name: 'express',
263 silly cache add   rawSpec: '~4.13.1',
263 silly cache add   spec: '>=4.13.1 <4.14.0',
263 silly cache add   type: 'range' }
264 silly addNamed express@>=4.13.1 <4.14.0
265 verbose addNamed ">=4.13.1 <4.14.0" is a valid semver range for express
266 silly addNameRange { name: 'express', range: '>=4.13.1 <4.14.0', hasData: false }
267 silly mapToRegistry name express
268 silly mapToRegistry using default registry
269 silly mapToRegistry registry https://registry.npmjs.org/
270 silly mapToRegistry uri https://registry.npmjs.org/express
271 verbose addNameRange registry:https://registry.npmjs.org/express not in flight; fetching
272 silly resolveWithNewModule morgan@1.6.1 checking installable status
273 silly cache add args [ 'morgan@~1.6.1', null ]
274 verbose cache add spec morgan@~1.6.1
275 silly cache add parsed spec Result {
275 silly cache add   raw: 'morgan@~1.6.1',
275 silly cache add   scope: null,
275 silly cache add   name: 'morgan',
275 silly cache add   rawSpec: '~1.6.1',
275 silly cache add   spec: '>=1.6.1 <1.7.0',
275 silly cache add   type: 'range' }
276 silly addNamed morgan@>=1.6.1 <1.7.0
277 verbose addNamed ">=1.6.1 <1.7.0" is a valid semver range for morgan
278 silly addNameRange { name: 'morgan', range: '>=1.6.1 <1.7.0', hasData: false }
279 silly mapToRegistry name morgan
280 silly mapToRegistry using default registry
281 silly mapToRegistry registry https://registry.npmjs.org/
282 silly mapToRegistry uri https://registry.npmjs.org/morgan
283 verbose addNameRange registry:https://registry.npmjs.org/morgan not in flight; fetching
284 silly cache afterAdd cookie-parser@1.3.5
285 verbose afterAdd /root/.npm/cookie-parser/1.3.5/package/package.json not in flight; writing
286 silly cache afterAdd body-parser@1.13.3
287 verbose afterAdd /root/.npm/body-parser/1.13.3/package/package.json not in flight; writing
288 silly cache afterAdd debug@2.2.0
289 verbose afterAdd /root/.npm/debug/2.2.0/package/package.json not in flight; writing
290 silly cache afterAdd ejs@2.3.4
291 verbose afterAdd /root/.npm/ejs/2.3.4/package/package.json not in flight; writing
292 verbose get https://registry.npmjs.org/serve-favicon not expired, no request
293 silly addNameRange number 2 { name: 'serve-favicon', range: '>=2.3.0 <2.4.0', hasData: true }
294 silly addNameRange versions [ 'serve-favicon',
294 silly addNameRange   [ '2.0.0',
294 silly addNameRange     '2.0.1',
294 silly addNameRange     '2.1.0',
294 silly addNameRange     '2.1.1',
294 silly addNameRange     '2.1.2',
294 silly addNameRange     '2.1.3',
294 silly addNameRange     '2.1.4',
294 silly addNameRange     '2.1.5',
294 silly addNameRange     '2.1.6',
294 silly addNameRange     '2.1.7',
294 silly addNameRange     '2.2.0',
294 silly addNameRange     '2.2.1',
294 silly addNameRange     '2.3.0' ] ]
295 silly addNamed serve-favicon@2.3.0
296 verbose addNamed "2.3.0" is a plain semver version for serve-favicon
297 verbose get https://registry.npmjs.org/express-session not expired, no request
298 verbose get https://registry.npmjs.org/express not expired, no request
299 silly addNameRange number 2 { name: 'express', range: '>=4.13.1 <4.14.0', hasData: true }
300 silly addNameRange versions [ 'express',
300 silly addNameRange   [ '0.14.0',
300 silly addNameRange     '0.14.1',
300 silly addNameRange     '1.0.0',
300 silly addNameRange     '1.0.1',
300 silly addNameRange     '1.0.2',
300 silly addNameRange     '1.0.3',
300 silly addNameRange     '1.0.4',
300 silly addNameRange     '1.0.5',
300 silly addNameRange     '1.0.6',
300 silly addNameRange     '1.0.7',
300 silly addNameRange     '1.0.8',
300 silly addNameRange     '2.0.0',
300 silly addNameRange     '2.1.0',
300 silly addNameRange     '2.1.1',
300 silly addNameRange     '2.2.0',
300 silly addNameRange     '2.2.1',
300 silly addNameRange     '2.2.2',
300 silly addNameRange     '2.3.0',
300 silly addNameRange     '2.3.1',
300 silly addNameRange     '2.3.2',
300 silly addNameRange     '2.3.3',
300 silly addNameRange     '2.3.4',
300 silly addNameRange     '2.3.5',
300 silly addNameRange     '2.3.6',
300 silly addNameRange     '2.3.7',
300 silly addNameRange     '2.3.8',
300 silly addNameRange     '2.3.9',
300 silly addNameRange     '2.3.10',
300 silly addNameRange     '2.3.11',
300 silly addNameRange     '2.3.12',
300 silly addNameRange     '2.4.0',
300 silly addNameRange     '2.4.1',
300 silly addNameRange     '2.4.2',
300 silly addNameRange     '2.4.3',
300 silly addNameRange     '2.4.4',
300 silly addNameRange     '2.4.5',
300 silly addNameRange     '2.4.6',
300 silly addNameRange     '2.4.7',
300 silly addNameRange     '2.5.0',
300 silly addNameRange     '2.5.1',
300 silly addNameRange     '2.5.2',
300 silly addNameRange     '2.5.3',
300 silly addNameRange     '2.5.4',
300 silly addNameRange     '2.5.5',
300 silly addNameRange     '2.5.6',
300 silly addNameRange     '2.5.7',
300 silly addNameRange     '2.5.8',
300 silly addNameRange     '2.5.9',
300 silly addNameRange     '2.5.10',
300 silly addNameRange     '2.5.11',
300 silly addNameRange     '3.0.0',
300 silly addNameRange     '3.0.1',
300 silly addNameRange     '3.0.2',
300 silly addNameRange     '3.0.3',
300 silly addNameRange     '3.0.4',
300 silly addNameRange     '3.0.5',
300 silly addNameRange     '3.0.6',
300 silly addNameRange     '3.1.0',
300 silly addNameRange     '3.1.1',
300 silly addNameRange     '3.1.2',
300 silly addNameRange     '3.2.0',
300 silly addNameRange     '3.2.1',
300 silly addNameRange     '3.2.2',
300 silly addNameRange     '3.2.3',
300 silly addNameRange     '3.2.4',
300 silly addNameRange     '3.2.5',
300 silly addNameRange     '3.2.6',
300 silly addNameRange     '3.3.0',
300 silly addNameRange     '3.3.1',
300 silly addNameRange     '3.3.2',
300 silly addNameRange     '3.3.3',
300 silly addNameRange     '3.3.4',
300 silly addNameRange     '3.3.5',
300 silly addNameRange     '3.3.6',
300 silly addNameRange     '1.0.0-beta',
300 silly addNameRange     '1.0.0-beta2',
300 silly addNameRange     '1.0.0-rc',
300 silly addNameRange     '1.0.0-rc2',
300 silly addNameRange     '1.0.0-rc3',
300 silly addNameRange     '1.0.0-rc4',
300 silly addNameRange     '2.0.0-beta',
300 silly addNameRange     '2.0.0-beta2',
300 silly addNameRange     '2.0.0-beta3',
300 silly addNameRange     '2.0.0-rc',
300 silly addNameRange     '2.0.0-rc2',
300 silly addNameRange     '2.0.0-rc3',
300 silly addNameRange     '3.0.0-alpha1',
300 silly addNameRange     '3.0.0-alpha2',
300 silly addNameRange     '3.0.0-alpha3',
300 silly addNameRange     '3.0.0-alpha4',
300 silly addNameRange     '3.0.0-alpha5',
300 silly addNameRange     '3.0.0-beta1',
300 silly addNameRange     '3.0.0-beta2',
300 silly addNameRange     '3.0.0-beta3',
300 silly addNameRange     '3.0.0-beta4',
300 silly addNameRange     '3.0.0-beta6',
300 silly addNameRange     '3.0.0-beta7',
300 silly addNameRange     '3.0.0-rc1',
300 silly addNameRange     '3.0.0-rc2',
300 silly addNameRange     '3.0.0-rc3',
300 silly addNameRange     '3.0.0-rc4',
300 silly addNameRange     '3.0.0-rc5',
300 silly addNameRange     '3.3.7',
300 silly addNameRange     '3.3.8',
300 silly addNameRange     '3.4.0',
300 silly addNameRange     '3.4.1',
300 silly addNameRange     '3.4.2',
300 silly addNameRange     '3.4.3',
300 silly addNameRange     '3.4.4',
300 silly addNameRange     '3.4.5',
300 silly addNameRange     '3.4.6',
300 silly addNameRange     '3.4.7',
300 silly addNameRange     '3.4.8',
300 silly addNameRange     '4.0.0-rc1',
300 silly addNameRange     '4.0.0-rc2',
300 silly addNameRange     '3.5.0',
300 silly addNameRange     '4.0.0-rc3',
300 silly addNameRange     '4.0.0-rc4',
300 silly addNameRange     '3.5.1',
300 silly addNameRange     '4.0.0',
300 silly addNameRange     '3.5.2',
300 silly addNameRange     '4.1.0',
300 silly addNameRange     '4.1.1',
300 silly addNameRange     '3.5.3',
300 silly addNameRange     '4.1.2',
300 silly addNameRange     '3.6.0',
300 silly addNameRange     '4.2.0',
300 silly addNameRange     '3.7.0',
300 silly addNameRange     '3.8.0',
300 silly addNameRange     '4.3.0',
300 silly addNameRange     '4.3.1',
300 silly addNameRange     '3.8.1',
300 silly addNameRange     '4.3.2',
300 silly addNameRange     '3.9.0',
300 silly addNameRange     '4.4.0',
300 silly addNameRange     '4.4.1',
300 silly addNameRange     '3.10.0',
300 silly addNameRange     '3.10.1',
300 silly addNameRange     '3.10.2',
300 silly addNameRange     '3.10.3',
300 silly addNameRange     '3.10.4',
300 silly addNameRange     '4.4.2',
300 silly addNameRange     '3.10.5',
300 silly addNameRange     '4.4.3',
300 silly addNameRange     '3.11.0',
300 silly addNameRange     '4.4.4',
300 silly addNameRange     '3.12.0',
300 silly addNameRange     '3.12.1',
300 silly addNameRange     '4.4.5',
300 silly addNameRange     '3.13.0',
300 silly addNameRange     '4.5.0',
300 silly addNameRange     '4.5.1',
300 silly addNameRange     '3.14.0',
300 silly addNameRange     '4.6.0',
300 silly addNameRange     '4.6.1',
300 silly addNameRange     '3.15.0',
300 silly addNameRange     '4.7.0',
300 silly addNameRange     '3.15.1',
300 silly addNameRange     '4.7.1',
300 silly addNameRange     '3.15.2',
300 silly addNameRange     '4.7.2',
300 silly addNameRange     '4.7.3',
300 silly addNameRange     '3.15.3',
300 silly addNameRange     '4.7.4',
300 silly addNameRange     '3.16.0',
300 silly addNameRange     '4.8.0',
300 silly addNameRange     '3.16.1',
300 silly addNameRange     '4.8.1',
300 silly addNameRange     '3.16.2',
300 silly addNameRange     '4.8.2',
300 silly addNameRange     '3.16.3',
300 silly addNameRange     '3.16.4',
300 silly addNameRange     '4.8.3',
300 silly addNameRange     '3.16.5',
300 silly addNameRange     '3.16.6',
300 silly addNameRange     '4.8.4',
300 silly addNameRange     '3.16.7',
300 silly addNameRange     '4.8.5',
300 silly addNameRange     '3.16.8',
300 silly addNameRange     '4.8.6',
300 silly addNameRange     '3.16.9',
300 silly addNameRange     '4.8.7',
300 silly addNameRange     '3.16.10',
300 silly addNameRange     '4.8.8',
300 silly addNameRange     '3.17.0',
300 silly addNameRange     '3.17.1',
300 silly addNameRange     '4.9.0',
300 silly addNameRange     '3.17.2',
300 silly addNameRange     '4.9.1',
300 silly addNameRange     '4.9.2',
300 silly addNameRange     '3.17.3',
300 silly addNameRange     '4.9.3',
300 silly addNameRange     '3.17.4',
300 silly addNameRange     '4.9.4',
300 silly addNameRange     '3.17.5',
300 silly addNameRange     '4.9.5',
300 silly addNameRange     '3.17.6',
300 silly addNameRange     '3.17.7',
300 silly addNameRange     '4.9.6',
300 silly addNameRange     '4.9.7',
300 silly addNameRange     '3.17.8',
300 silly addNameRange     '4.9.8',
300 silly addNameRange     '3.18.0',
300 silly addNameRange     '3.18.1',
300 silly addNameRange     '4.10.0',
300 silly addNameRange     '3.18.2',
300 silly addNameRange     '4.10.1',
300 silly addNameRange     '5.0.0-alpha.1',
300 silly addNameRange     '3.18.3',
300 silly addNameRange     '4.10.2',
300 silly addNameRange     '3.18.4',
300 silly addNameRange     '4.10.3',
300 silly addNameRange     '4.10.4',
300 silly addNameRange     '4.10.5',
300 silly addNameRange     '3.18.5',
300 silly addNameRange     '3.18.6',
300 silly addNameRange     '4.10.6',
300 silly addNameRange     '4.10.7',
300 silly addNameRange     '3.19.0',
300 silly addNameRange     '4.10.8',
300 silly addNameRange     '4.11.0',
300 silly addNameRange     '3.19.1',
300 silly addNameRange     '4.11.1',
300 silly addNameRange     '3.19.2',
300 silly addNameRange     '4.11.2',
300 silly addNameRange     '3.20.0',
300 silly addNameRange     '4.12.0',
300 silly addNameRange     '3.20.1',
300 silly addNameRange     '4.12.1',
300 silly addNameRange     '4.12.2',
300 silly addNameRange     '3.20.2',
300 silly addNameRange     '4.12.3',
300 silly addNameRange     '3.20.3',
300 silly addNameRange     '4.12.4',
300 silly addNameRange     '3.21.0',
300 silly addNameRange     '4.13.0',
300 silly addNameRange     '3.21.1',
300 silly addNameRange     '4.13.1',
300 silly addNameRange     '5.0.0-alpha.2',
300 silly addNameRange     '3.21.2',
300 silly addNameRange     '4.13.2',
300 silly addNameRange     '4.13.3',
300 silly addNameRange     '4.13.4' ] ]
301 silly addNamed express@4.13.4
302 verbose addNamed "4.13.4" is a plain semver version for express
303 silly resolveWithNewModule connect-mongo@0.4.1 checking installable status
304 silly cache add args [ 'connect-mongo@0.4.1', null ]
305 verbose cache add spec connect-mongo@0.4.1
306 silly cache add parsed spec Result {
306 silly cache add   raw: 'connect-mongo@0.4.1',
306 silly cache add   scope: null,
306 silly cache add   name: 'connect-mongo',
306 silly cache add   rawSpec: '0.4.1',
306 silly cache add   spec: '0.4.1',
306 silly cache add   type: 'version' }
307 silly addNamed connect-mongo@0.4.1
308 verbose addNamed "0.4.1" is a plain semver version for connect-mongo
309 silly mapToRegistry name connect-mongo
310 silly mapToRegistry using default registry
311 silly mapToRegistry registry https://registry.npmjs.org/
312 silly mapToRegistry uri https://registry.npmjs.org/connect-mongo
313 verbose addNameVersion registry:https://registry.npmjs.org/connect-mongo not in flight; fetching
314 silly fetchPackageMetaData Error: No compatible version found: mongodb@3.2.1
314 silly fetchPackageMetaData Valid install targets:
314 silly fetchPackageMetaData 2.1.4, 2.1.3, 2.1.2, 2.1.1, 2.1.0, 2.1.0-rc1, 2.1.0-alpha, 2.0.55, 2.0.54, 2.0.53, 2.0.52, 2.0.51, 2.0.50, 2.0.49, 2.0.48, 2.0.47, 2.0.46, 2.0.45, 2.0.44, 2.0.43, 2.0.42, 2.0.41, 2.0.40, 2.0.39, 2.0.38, 2.0.37, 2.0.36, 2.0.35, 2.0.34, 2.0.33, 2.0.32, 2.0.31, 2.0.30, 2.0.29, 2.0.28, 2.0.27, 2.0.26, 2.0.25, 2.0.24, 2.0.23, 2.0.22, 2.0.21, 2.0.20, 2.0.19, 2.0.18, 2.0.17, 2.0.16, 2.0.15, 2.0.14, 2.0.13, 2.0.12, 2.0.11, 2.0.10, 2.0.9, 2.0.8, 2.0.7, 2.0.6, 2.0.5, 2.0.4, 2.0.3, 2.0.2, 2.0.1, 2.0.0, 2.0.0-alpha2, 2.0.0-alpha1, 1.4.40, 1.4.39, 1.4.38, 1.4.37, 1.4.36, 1.4.35, 1.4.34, 1.4.33, 1.4.32, 1.4.31, 1.4.30, 1.4.29, 1.4.28, 1.4.27, 1.4.26, 1.4.25, 1.4.24, 1.4.23, 1.4.22, 1.4.20, 1.4.19, 1.4.18, 1.4.17, 1.4.16, 1.4.15, 1.4.14, 1.4.12, 1.4.11, 1.4.10, 1.4.9, 1.4.8, 1.4.7, 1.4.6, 1.4.5, 1.4.4, 1.4.3, 1.4.2, 1.4.1, 1.4.0, 1.4.0-rc9, 1.4.0-rc8, 1.4.0-rc7, 1.4.0-rc6, 1.4.0-rc5, 1.4.0-rc4, 1.4.0-rc3, 1.4.0-rc2, 1.4.0-rc10, 1.3.23, 1.3.22, 1.3.21, 1.3.20, 1.3.19, 1.3.18, 1.3.17, 1.3.15, 1.3.14, 1.3.12, 1.3.11, 1.3.10, 1.3.9, 1.3.8, 1.3.7, 1.3.6, 1.3.5, 1.3.4, 1.3.3, 1.3.2, 1.3.1, 1.3.0, 1.2.14, 1.2.13, 1.2.12, 1.2.11, 1.2.10, 1.2.9, 1.2.8, 1.2.7, 1.2.6, 1.2.5, 1.2.4, 1.2.3, 1.2.2, 1.2.1, 1.2.0, 1.1.11, 1.1.10, 1.1.9, 1.1.8, 1.1.7, 1.1.6, 1.1.5, 1.1.4, 1.1.3, 1.1.2, 1.1.1, 1.1.0, 1.1.0-beta, 1.0.2, 1.0.1, 1.0.0, 0.9.9, 0.9.9-8, 0.9.9-7, 0.9.9-6, 0.9.9-5, 0.9.9-4, 0.9.9-3, 0.9.9-2, 0.9.9-1, 0.9.8, 0.9.8-7, 0.9.8-6, 0.9.8-5, 0.9.8-4, 0.9.8-3, 0.9.8-2, 0.9.8-1, 0.9.7, 0.9.7-3-5, 0.9.7-3-4, 0.9.7-3-3, 0.9.7-3-2, 0.9.7-3-1, 0.9.7-2-5, 0.9.7-2-4, 0.9.7-2-3, 0.9.7-2-2, 0.9.7-2-1, 0.9.7-3, 0.9.7-2, 0.9.7-1.4, 0.9.7-1.3, 0.9.7-1.2, 0.9.7-1.1, 0.9.7-1, 0.9.7-0, 0.9.6-23, 0.9.6-22, 0.9.6-21, 0.9.6-20, 0.9.6-19, 0.9.6-18, 0.9.6-17, 0.9.6-16, 0.9.6-15, 0.9.6-14, 0.9.6-13, 0.9.6-12, 0.9.6-11, 0.9.6-10, 0.9.6-9, 0.9.6-8, 0.9.6-7, 0.9.4, 0.9.4-4, 0.9.3, 0.9.2, 0.9.1
314 silly fetchPackageMetaData
314 silly fetchPackageMetaData     at pickVersionFromRegistryDocument (/root/.nvm/versions/node/v5.4.1/lib/node_modules/npm/lib/fetch-package-metadata.js:156:16)
314 silly fetchPackageMetaData     at /root/.nvm/versions/node/v5.4.1/lib/node_modules/npm/node_modules/iferr/index.js:13:50
314 silly fetchPackageMetaData     at /root/.nvm/versions/node/v5.4.1/lib/node_modules/npm/lib/utils/pulse-till-done.js:19:8
314 silly fetchPackageMetaData     at saved (/root/.nvm/versions/node/v5.4.1/lib/node_modules/npm/lib/cache/caching-client.js:168:7)
314 silly fetchPackageMetaData     at /root/.nvm/versions/node/v5.4.1/lib/node_modules/npm/node_modules/graceful-fs/polyfills.js:210:7
314 silly fetchPackageMetaData     at FSReqWrap.oncomplete (fs.js:82:15)
314 silly fetchPackageMetaData  error for mongodb@3.2.1 [Error: No compatible version found: mongodb@3.2.1
314 silly fetchPackageMetaData Valid install targets:
314 silly fetchPackageMetaData 2.1.4, 2.1.3, 2.1.2, 2.1.1, 2.1.0, 2.1.0-rc1, 2.1.0-alpha, 2.0.55, 2.0.54, 2.0.53, 2.0.52, 2.0.51, 2.0.50, 2.0.49, 2.0.48, 2.0.47, 2.0.46, 2.0.45, 2.0.44, 2.0.43, 2.0.42, 2.0.41, 2.0.40, 2.0.39, 2.0.38, 2.0.37, 2.0.36, 2.0.35, 2.0.34, 2.0.33, 2.0.32, 2.0.31, 2.0.30, 2.0.29, 2.0.28, 2.0.27, 2.0.26, 2.0.25, 2.0.24, 2.0.23, 2.0.22, 2.0.21, 2.0.20, 2.0.19, 2.0.18, 2.0.17, 2.0.16, 2.0.15, 2.0.14, 2.0.13, 2.0.12, 2.0.11, 2.0.10, 2.0.9, 2.0.8, 2.0.7, 2.0.6, 2.0.5, 2.0.4, 2.0.3, 2.0.2, 2.0.1, 2.0.0, 2.0.0-alpha2, 2.0.0-alpha1, 1.4.40, 1.4.39, 1.4.38, 1.4.37, 1.4.36, 1.4.35, 1.4.34, 1.4.33, 1.4.32, 1.4.31, 1.4.30, 1.4.29, 1.4.28, 1.4.27, 1.4.26, 1.4.25, 1.4.24, 1.4.23, 1.4.22, 1.4.20, 1.4.19, 1.4.18, 1.4.17, 1.4.16, 1.4.15, 1.4.14, 1.4.12, 1.4.11, 1.4.10, 1.4.9, 1.4.8, 1.4.7, 1.4.6, 1.4.5, 1.4.4, 1.4.3, 1.4.2, 1.4.1, 1.4.0, 1.4.0-rc9, 1.4.0-rc8, 1.4.0-rc7, 1.4.0-rc6, 1.4.0-rc5, 1.4.0-rc4, 1.4.0-rc3, 1.4.0-rc2, 1.4.0-rc10, 1.3.23, 1.3.22, 1.3.21, 1.3.20, 1.3.19, 1.3.18, 1.3.17, 1.3.15, 1.3.14, 1.3.12, 1.3.11, 1.3.10, 1.3.9, 1.3.8, 1.3.7, 1.3.6, 1.3.5, 1.3.4, 1.3.3, 1.3.2, 1.3.1, 1.3.0, 1.2.14, 1.2.13, 1.2.12, 1.2.11, 1.2.10, 1.2.9, 1.2.8, 1.2.7, 1.2.6, 1.2.5, 1.2.4, 1.2.3, 1.2.2, 1.2.1, 1.2.0, 1.1.11, 1.1.10, 1.1.9, 1.1.8, 1.1.7, 1.1.6, 1.1.5, 1.1.4, 1.1.3, 1.1.2, 1.1.1, 1.1.0, 1.1.0-beta, 1.0.2, 1.0.1, 1.0.0, 0.9.9, 0.9.9-8, 0.9.9-7, 0.9.9-6, 0.9.9-5, 0.9.9-4, 0.9.9-3, 0.9.9-2, 0.9.9-1, 0.9.8, 0.9.8-7, 0.9.8-6, 0.9.8-5, 0.9.8-4, 0.9.8-3, 0.9.8-2, 0.9.8-1, 0.9.7, 0.9.7-3-5, 0.9.7-3-4, 0.9.7-3-3, 0.9.7-3-2, 0.9.7-3-1, 0.9.7-2-5, 0.9.7-2-4, 0.9.7-2-3, 0.9.7-2-2, 0.9.7-2-1, 0.9.7-3, 0.9.7-2, 0.9.7-1.4, 0.9.7-1.3, 0.9.7-1.2, 0.9.7-1.1, 0.9.7-1, 0.9.7-0, 0.9.6-23, 0.9.6-22, 0.9.6-21, 0.9.6-20, 0.9.6-19, 0.9.6-18, 0.9.6-17, 0.9.6-16, 0.9.6-15, 0.9.6-14, 0.9.6-13, 0.9.6-12, 0.9.6-11, 0.9.6-10, 0.9.6-9, 0.9.6-8, 0.9.6-7, 0.9.4, 0.9.4-4, 0.9.3, 0.9.2, 0.9.1
314 silly fetchPackageMetaData ]
315 verbose get https://registry.npmjs.org/morgan not expired, no request
316 silly addNameRange number 2 { name: 'morgan', range: '>=1.6.1 <1.7.0', hasData: true }
317 silly addNameRange versions [ 'morgan',
317 silly addNameRange   [ '1.0.0',
317 silly addNameRange     '1.0.1',
317 silly addNameRange     '1.1.0',
317 silly addNameRange     '1.1.1',
317 silly addNameRange     '1.2.0',
317 silly addNameRange     '1.2.1',
317 silly addNameRange     '1.2.2',
317 silly addNameRange     '1.2.3',
317 silly addNameRange     '1.3.0',
317 silly addNameRange     '1.3.1',
317 silly addNameRange     '1.3.2',
317 silly addNameRange     '1.4.0',
317 silly addNameRange     '1.4.1',
317 silly addNameRange     '1.5.0',
317 silly addNameRange     '1.5.1',
317 silly addNameRange     '1.5.2',
317 silly addNameRange     '1.5.3',
317 silly addNameRange     '1.6.0',
317 silly addNameRange     '1.6.1' ] ]
318 silly addNamed morgan@1.6.1
319 verbose addNamed "1.6.1" is a plain semver version for morgan
320 verbose afterAdd /root/.npm/cookie-parser/1.3.5/package/package.json written
321 verbose afterAdd /root/.npm/body-parser/1.13.3/package/package.json written
322 verbose afterAdd /root/.npm/debug/2.2.0/package/package.json written
323 verbose afterAdd /root/.npm/ejs/2.3.4/package/package.json written
324 silly cache afterAdd serve-favicon@2.3.0
325 verbose afterAdd /root/.npm/serve-favicon/2.3.0/package/package.json not in flight; writing
326 silly cache afterAdd express-session@1.9.1
327 verbose afterAdd /root/.npm/express-session/1.9.1/package/package.json not in flight; writing
328 silly cache afterAdd express@4.13.4
329 verbose afterAdd /root/.npm/express/4.13.4/package/package.json not in flight; writing
330 verbose get https://registry.npmjs.org/connect-mongo not expired, no request
331 silly cache afterAdd morgan@1.6.1
332 verbose afterAdd /root/.npm/morgan/1.6.1/package/package.json not in flight; writing
333 verbose afterAdd /root/.npm/serve-favicon/2.3.0/package/package.json written
334 verbose afterAdd /root/.npm/express-session/1.9.1/package/package.json written
335 verbose afterAdd /root/.npm/express/4.13.4/package/package.json written
336 silly cache afterAdd connect-mongo@0.4.1
337 verbose afterAdd /root/.npm/connect-mongo/0.4.1/package/package.json not in flight; writing
338 verbose afterAdd /root/.npm/morgan/1.6.1/package/package.json written
339 verbose afterAdd /root/.npm/connect-mongo/0.4.1/package/package.json written
340 silly rollbackFailedOptional Starting
341 silly rollbackFailedOptional Finishing
342 silly runTopLevelLifecycles Starting
343 silly runTopLevelLifecycles Finishing
344 silly install printInstalled
345 verbose stack Error: No compatible version found: mongodb@3.2.1
345 verbose stack Valid install targets:
345 verbose stack 2.1.4, 2.1.3, 2.1.2, 2.1.1, 2.1.0, 2.1.0-rc1, 2.1.0-alpha, 2.0.55, 2.0.54, 2.0.53, 2.0.52, 2.0.51, 2.0.50, 2.0.49, 2.0.48, 2.0.47, 2.0.46, 2.0.45, 2.0.44, 2.0.43, 2.0.42, 2.0.41, 2.0.40, 2.0.39, 2.0.38, 2.0.37, 2.0.36, 2.0.35, 2.0.34, 2.0.33, 2.0.32, 2.0.31, 2.0.30, 2.0.29, 2.0.28, 2.0.27, 2.0.26, 2.0.25, 2.0.24, 2.0.23, 2.0.22, 2.0.21, 2.0.20, 2.0.19, 2.0.18, 2.0.17, 2.0.16, 2.0.15, 2.0.14, 2.0.13, 2.0.12, 2.0.11, 2.0.10, 2.0.9, 2.0.8, 2.0.7, 2.0.6, 2.0.5, 2.0.4, 2.0.3, 2.0.2, 2.0.1, 2.0.0, 2.0.0-alpha2, 2.0.0-alpha1, 1.4.40, 1.4.39, 1.4.38, 1.4.37, 1.4.36, 1.4.35, 1.4.34, 1.4.33, 1.4.32, 1.4.31, 1.4.30, 1.4.29, 1.4.28, 1.4.27, 1.4.26, 1.4.25, 1.4.24, 1.4.23, 1.4.22, 1.4.20, 1.4.19, 1.4.18, 1.4.17, 1.4.16, 1.4.15, 1.4.14, 1.4.12, 1.4.11, 1.4.10, 1.4.9, 1.4.8, 1.4.7, 1.4.6, 1.4.5, 1.4.4, 1.4.3, 1.4.2, 1.4.1, 1.4.0, 1.4.0-rc9, 1.4.0-rc8, 1.4.0-rc7, 1.4.0-rc6, 1.4.0-rc5, 1.4.0-rc4, 1.4.0-rc3, 1.4.0-rc2, 1.4.0-rc10, 1.3.23, 1.3.22, 1.3.21, 1.3.20, 1.3.19, 1.3.18, 1.3.17, 1.3.15, 1.3.14, 1.3.12, 1.3.11, 1.3.10, 1.3.9, 1.3.8, 1.3.7, 1.3.6, 1.3.5, 1.3.4, 1.3.3, 1.3.2, 1.3.1, 1.3.0, 1.2.14, 1.2.13, 1.2.12, 1.2.11, 1.2.10, 1.2.9, 1.2.8, 1.2.7, 1.2.6, 1.2.5, 1.2.4, 1.2.3, 1.2.2, 1.2.1, 1.2.0, 1.1.11, 1.1.10, 1.1.9, 1.1.8, 1.1.7, 1.1.6, 1.1.5, 1.1.4, 1.1.3, 1.1.2, 1.1.1, 1.1.0, 1.1.0-beta, 1.0.2, 1.0.1, 1.0.0, 0.9.9, 0.9.9-8, 0.9.9-7, 0.9.9-6, 0.9.9-5, 0.9.9-4, 0.9.9-3, 0.9.9-2, 0.9.9-1, 0.9.8, 0.9.8-7, 0.9.8-6, 0.9.8-5, 0.9.8-4, 0.9.8-3, 0.9.8-2, 0.9.8-1, 0.9.7, 0.9.7-3-5, 0.9.7-3-4, 0.9.7-3-3, 0.9.7-3-2, 0.9.7-3-1, 0.9.7-2-5, 0.9.7-2-4, 0.9.7-2-3, 0.9.7-2-2, 0.9.7-2-1, 0.9.7-3, 0.9.7-2, 0.9.7-1.4, 0.9.7-1.3, 0.9.7-1.2, 0.9.7-1.1, 0.9.7-1, 0.9.7-0, 0.9.6-23, 0.9.6-22, 0.9.6-21, 0.9.6-20, 0.9.6-19, 0.9.6-18, 0.9.6-17, 0.9.6-16, 0.9.6-15, 0.9.6-14, 0.9.6-13, 0.9.6-12, 0.9.6-11, 0.9.6-10, 0.9.6-9, 0.9.6-8, 0.9.6-7, 0.9.4, 0.9.4-4, 0.9.3, 0.9.2, 0.9.1
345 verbose stack
345 verbose stack     at pickVersionFromRegistryDocument (/root/.nvm/versions/node/v5.4.1/lib/node_modules/npm/lib/fetch-package-metadata.js:156:16)
345 verbose stack     at /root/.nvm/versions/node/v5.4.1/lib/node_modules/npm/node_modules/iferr/index.js:13:50
345 verbose stack     at /root/.nvm/versions/node/v5.4.1/lib/node_modules/npm/lib/utils/pulse-till-done.js:19:8
345 verbose stack     at saved (/root/.nvm/versions/node/v5.4.1/lib/node_modules/npm/lib/cache/caching-client.js:168:7)
345 verbose stack     at /root/.nvm/versions/node/v5.4.1/lib/node_modules/npm/node_modules/graceful-fs/polyfills.js:210:7
345 verbose stack     at FSReqWrap.oncomplete (fs.js:82:15)
346 verbose cwd /root/myblog/myblog
347 error Linux 3.10.0-229.20.1.el7.x86_64
348 error argv "/root/.nvm/versions/node/v5.4.1/bin/node" "/root/.nvm/versions/node/v5.4.1/bin/npm" "install"
349 error node v5.4.1
350 error npm  v3.3.12
351 error No compatible version found: mongodb@3.2.1
351 error Valid install targets:
351 error 2.1.4, 2.1.3, 2.1.2, 2.1.1, 2.1.0, 2.1.0-rc1, 2.1.0-alpha, 2.0.55, 2.0.54, 2.0.53, 2.0.52, 2.0.51, 2.0.50, 2.0.49, 2.0.48, 2.0.47, 2.0.46, 2.0.45, 2.0.44, 2.0.43, 2.0.42, 2.0.41, 2.0.40, 2.0.39, 2.0.38, 2.0.37, 2.0.36, 2.0.35, 2.0.34, 2.0.33, 2.0.32, 2.0.31, 2.0.30, 2.0.29, 2.0.28, 2.0.27, 2.0.26, 2.0.25, 2.0.24, 2.0.23, 2.0.22, 2.0.21, 2.0.20, 2.0.19, 2.0.18, 2.0.17, 2.0.16, 2.0.15, 2.0.14, 2.0.13, 2.0.12, 2.0.11, 2.0.10, 2.0.9, 2.0.8, 2.0.7, 2.0.6, 2.0.5, 2.0.4, 2.0.3, 2.0.2, 2.0.1, 2.0.0, 2.0.0-alpha2, 2.0.0-alpha1, 1.4.40, 1.4.39, 1.4.38, 1.4.37, 1.4.36, 1.4.35, 1.4.34, 1.4.33, 1.4.32, 1.4.31, 1.4.30, 1.4.29, 1.4.28, 1.4.27, 1.4.26, 1.4.25, 1.4.24, 1.4.23, 1.4.22, 1.4.20, 1.4.19, 1.4.18, 1.4.17, 1.4.16, 1.4.15, 1.4.14, 1.4.12, 1.4.11, 1.4.10, 1.4.9, 1.4.8, 1.4.7, 1.4.6, 1.4.5, 1.4.4, 1.4.3, 1.4.2, 1.4.1, 1.4.0, 1.4.0-rc9, 1.4.0-rc8, 1.4.0-rc7, 1.4.0-rc6, 1.4.0-rc5, 1.4.0-rc4, 1.4.0-rc3, 1.4.0-rc2, 1.4.0-rc10, 1.3.23, 1.3.22, 1.3.21, 1.3.20, 1.3.19, 1.3.18, 1.3.17, 1.3.15, 1.3.14, 1.3.12, 1.3.11, 1.3.10, 1.3.9, 1.3.8, 1.3.7, 1.3.6, 1.3.5, 1.3.4, 1.3.3, 1.3.2, 1.3.1, 1.3.0, 1.2.14, 1.2.13, 1.2.12, 1.2.11, 1.2.10, 1.2.9, 1.2.8, 1.2.7, 1.2.6, 1.2.5, 1.2.4, 1.2.3, 1.2.2, 1.2.1, 1.2.0, 1.1.11, 1.1.10, 1.1.9, 1.1.8, 1.1.7, 1.1.6, 1.1.5, 1.1.4, 1.1.3, 1.1.2, 1.1.1, 1.1.0, 1.1.0-beta, 1.0.2, 1.0.1, 1.0.0, 0.9.9, 0.9.9-8, 0.9.9-7, 0.9.9-6, 0.9.9-5, 0.9.9-4, 0.9.9-3, 0.9.9-2, 0.9.9-1, 0.9.8, 0.9.8-7, 0.9.8-6, 0.9.8-5, 0.9.8-4, 0.9.8-3, 0.9.8-2, 0.9.8-1, 0.9.7, 0.9.7-3-5, 0.9.7-3-4, 0.9.7-3-3, 0.9.7-3-2, 0.9.7-3-1, 0.9.7-2-5, 0.9.7-2-4, 0.9.7-2-3, 0.9.7-2-2, 0.9.7-2-1, 0.9.7-3, 0.9.7-2, 0.9.7-1.4, 0.9.7-1.3, 0.9.7-1.2, 0.9.7-1.1, 0.9.7-1, 0.9.7-0, 0.9.6-23, 0.9.6-22, 0.9.6-21, 0.9.6-20, 0.9.6-19, 0.9.6-18, 0.9.6-17, 0.9.6-16, 0.9.6-15, 0.9.6-14, 0.9.6-13, 0.9.6-12, 0.9.6-11, 0.9.6-10, 0.9.6-9, 0.9.6-8, 0.9.6-7, 0.9.4, 0.9.4-4, 0.9.3, 0.9.2, 0.9.1
352 error If you need help, you may report this error at:
352 error     <https://github.com/npm/npm/issues>
353 verbose exit [ 1, true ]
